CRITICAL - 2023-06-28 12:47:10 --> Undefined variable $email
in APPPATH\Views\register_view.php on line 79.
 1 APPPATH\Views\register_view.php(79): CodeIgniter\Debug\Exceptions->errorHandler(2, 'Undefined variable $email', 'C:\\xampp\\htdocs\\latihan_ci4\\app\\Views\\register_view.php', 79)
 2 SYSTEMPATH\View\View.php(213): include('C:\\xampp\\htdocs\\latihan_ci4\\app\\Views\\register_view.php')
 3 SYSTEMPATH\View\View.php(216): CodeIgniter\View\View->CodeIgniter\View\{closure}()
 4 SYSTEMPATH\Common.php(1184): CodeIgniter\View\View->render('register_view', [], true)
 5 APPPATH\Controllers\AuthController.php(89): view('register_view')
 6 SYSTEMPATH\CodeIgniter.php(934): App\Controllers\AuthController->register()
 7 SYSTEMPATH\CodeIgniter.php(499): CodeIgniter\CodeIgniter->runController(Object(App\Controllers\AuthController))
 8 SYSTEMPATH\CodeIgniter.php(368): CodeIgniter\CodeIgniter->handleRequest(null, Object(Config\Cache), false)
 9 FCPATH\index.php(67): CodeIgniter\CodeIgniter->run()
CRITICAL - 2023-06-28 12:47:17 --> Undefined variable $email
in APPPATH\Views\register_view.php on line 79.
 1 APPPATH\Views\register_view.php(79): CodeIgniter\Debug\Exceptions->errorHandler(2, 'Undefined variable $email', 'C:\\xampp\\htdocs\\latihan_ci4\\app\\Views\\register_view.php', 79)
 2 SYSTEMPATH\View\View.php(213): include('C:\\xampp\\htdocs\\latihan_ci4\\app\\Views\\register_view.php')
 3 SYSTEMPATH\View\View.php(216): CodeIgniter\View\View->CodeIgniter\View\{closure}()
 4 SYSTEMPATH\Common.php(1184): CodeIgniter\View\View->render('register_view', [], true)
 5 APPPATH\Controllers\AuthController.php(89): view('register_view')
 6 SYSTEMPATH\CodeIgniter.php(934): App\Controllers\AuthController->register()
 7 SYSTEMPATH\CodeIgniter.php(499): CodeIgniter\CodeIgniter->runController(Object(App\Controllers\AuthController))
 8 SYSTEMPATH\CodeIgniter.php(368): CodeIgniter\CodeIgniter->handleRequest(null, Object(Config\Cache), false)
 9 FCPATH\index.php(67): CodeIgniter\CodeIgniter->run()
CRITICAL - 2023-06-28 12:48:28 --> Undefined variable $email
in APPPATH\Views\register_view.php on line 79.
 1 APPPATH\Views\register_view.php(79): CodeIgniter\Debug\Exceptions->errorHandler(2, 'Undefined variable $email', 'C:\\xampp\\htdocs\\latihan_ci4\\app\\Views\\register_view.php', 79)
 2 SYSTEMPATH\View\View.php(213): include('C:\\xampp\\htdocs\\latihan_ci4\\app\\Views\\register_view.php')
 3 SYSTEMPATH\View\View.php(216): CodeIgniter\View\View->CodeIgniter\View\{closure}()
 4 SYSTEMPATH\Common.php(1184): CodeIgniter\View\View->render('register_view', [], true)
 5 APPPATH\Controllers\AuthController.php(89): view('register_view')
 6 SYSTEMPATH\CodeIgniter.php(934): App\Controllers\AuthController->register()
 7 SYSTEMPATH\CodeIgniter.php(499): CodeIgniter\CodeIgniter->runController(Object(App\Controllers\AuthController))
 8 SYSTEMPATH\CodeIgniter.php(368): CodeIgniter\CodeIgniter->handleRequest(null, Object(Config\Cache), false)
 9 FCPATH\index.php(67): CodeIgniter\CodeIgniter->run()
CRITICAL - 2023-06-28 12:51:41 --> Undefined array key "email"
in APPPATH\Views\pages\account_view.php on line 41.
 1 APPPATH\Views\pages\account_view.php(41): CodeIgniter\Debug\Exceptions->errorHandler(2, 'Undefined array key "email"', 'C:\\xampp\\htdocs\\latihan_ci4\\app\\Views\\pages\\account_view.php', 41)
 2 SYSTEMPATH\View\View.php(213): include('C:\\xampp\\htdocs\\latihan_ci4\\app\\Views\\pages\\account_view.php')
 3 SYSTEMPATH\View\View.php(216): CodeIgniter\View\View->CodeIgniter\View\{closure}()
 4 SYSTEMPATH\Common.php(1184): CodeIgniter\View\View->render('pages/account_view', [], true)
 5 APPPATH\Controllers\AccountController.php(20): view('pages/account_view', [...])
 6 SYSTEMPATH\CodeIgniter.php(934): App\Controllers\AccountController->index()
 7 SYSTEMPATH\CodeIgniter.php(499): CodeIgniter\CodeIgniter->runController(Object(App\Controllers\AccountController))
 8 SYSTEMPATH\CodeIgniter.php(368): CodeIgniter\CodeIgniter->handleRequest(null, Object(Config\Cache), false)
 9 FCPATH\index.php(67): CodeIgniter\CodeIgniter->run()
CRITICAL - 2023-06-28 12:52:08 --> Undefined array key "email"
in APPPATH\Views\pages\account_view.php on line 41.
 1 APPPATH\Views\pages\account_view.php(41): CodeIgniter\Debug\Exceptions->errorHandler(2, 'Undefined array key "email"', 'C:\\xampp\\htdocs\\latihan_ci4\\app\\Views\\pages\\account_view.php', 41)
 2 SYSTEMPATH\View\View.php(213): include('C:\\xampp\\htdocs\\latihan_ci4\\app\\Views\\pages\\account_view.php')
 3 SYSTEMPATH\View\View.php(216): CodeIgniter\View\View->CodeIgniter\View\{closure}()
 4 SYSTEMPATH\Common.php(1184): CodeIgniter\View\View->render('pages/account_view', [], true)
 5 APPPATH\Controllers\AccountController.php(20): view('pages/account_view', [...])
 6 SYSTEMPATH\CodeIgniter.php(934): App\Controllers\AccountController->index()
 7 SYSTEMPATH\CodeIgniter.php(499): CodeIgniter\CodeIgniter->runController(Object(App\Controllers\AccountController))
 8 SYSTEMPATH\CodeIgniter.php(368): CodeIgniter\CodeIgniter->handleRequest(null, Object(Config\Cache), false)
 9 FCPATH\index.php(67): CodeIgniter\CodeIgniter->run()
CRITICAL - 2023-06-28 12:52:34 --> Undefined array key "isActive"
in APPPATH\Views\pages\account_view.php on line 45.
 1 APPPATH\Views\pages\account_view.php(45): CodeIgniter\Debug\Exceptions->errorHandler(2, 'Undefined array key "isActive"', 'C:\\xampp\\htdocs\\latihan_ci4\\app\\Views\\pages\\account_view.php', 45)
 2 SYSTEMPATH\View\View.php(213): include('C:\\xampp\\htdocs\\latihan_ci4\\app\\Views\\pages\\account_view.php')
 3 SYSTEMPATH\View\View.php(216): CodeIgniter\View\View->CodeIgniter\View\{closure}()
 4 SYSTEMPATH\Common.php(1184): CodeIgniter\View\View->render('pages/account_view', [], true)
 5 APPPATH\Controllers\AccountController.php(20): view('pages/account_view', [...])
 6 SYSTEMPATH\CodeIgniter.php(934): App\Controllers\AccountController->index()
 7 SYSTEMPATH\CodeIgniter.php(499): CodeIgniter\CodeIgniter->runController(Object(App\Controllers\AccountController))
 8 SYSTEMPATH\CodeIgniter.php(368): CodeIgniter\CodeIgniter->handleRequest(null, Object(Config\Cache), false)
 9 FCPATH\index.php(67): CodeIgniter\CodeIgniter->run()
CRITICAL - 2023-06-28 12:59:42 --> Undefined property: App\Controllers\AuthController::$validation
in APPPATH\Controllers\AuthController.php on line 55.
 1 APPPATH\Controllers\AuthController.php(55): CodeIgniter\Debug\Exceptions->errorHandler(2, 'Undefined property: App\\Controllers\\AuthController::$validation', 'C:\\xampp\\htdocs\\latihan_ci4\\app\\Controllers\\AuthController.php', 55)
 2 SYSTEMPATH\CodeIgniter.php(934): App\Controllers\AuthController->register()
 3 SYSTEMPATH\CodeIgniter.php(499): CodeIgniter\CodeIgniter->runController(Object(App\Controllers\AuthController))
 4 SYSTEMPATH\CodeIgniter.php(368): CodeIgniter\CodeIgniter->handleRequest(null, Object(Config\Cache), false)
 5 FCPATH\index.php(67): CodeIgniter\CodeIgniter->run()
CRITICAL - 2023-06-28 13:07:24 --> Call to a member function where() on null
in APPPATH\Controllers\AuthController.php on line 61.
 1 SYSTEMPATH\CodeIgniter.php(934): App\Controllers\AuthController->register()
 2 SYSTEMPATH\CodeIgniter.php(499): CodeIgniter\CodeIgniter->runController(Object(App\Controllers\AuthController))
 3 SYSTEMPATH\CodeIgniter.php(368): CodeIgniter\CodeIgniter->handleRequest(null, Object(Config\Cache), false)
 4 FCPATH\index.php(67): CodeIgniter\CodeIgniter->run()
CRITICAL - 2023-06-28 13:07:57 --> Undefined property: App\Controllers\AuthController::$validation
in APPPATH\Controllers\AuthController.php on line 55.
 1 APPPATH\Controllers\AuthController.php(55): CodeIgniter\Debug\Exceptions->errorHandler(2, 'Undefined property: App\\Controllers\\AuthController::$validation', 'C:\\xampp\\htdocs\\latihan_ci4\\app\\Controllers\\AuthController.php', 55)
 2 SYSTEMPATH\CodeIgniter.php(934): App\Controllers\AuthController->register()
 3 SYSTEMPATH\CodeIgniter.php(499): CodeIgniter\CodeIgniter->runController(Object(App\Controllers\AuthController))
 4 SYSTEMPATH\CodeIgniter.php(368): CodeIgniter\CodeIgniter->handleRequest(null, Object(Config\Cache), false)
 5 FCPATH\index.php(67): CodeIgniter\CodeIgniter->run()
CRITICAL - 2023-06-28 13:10:28 --> Undefined property: App\Controllers\AuthController::$validation
in APPPATH\Controllers\AuthController.php on line 56.
 1 APPPATH\Controllers\AuthController.php(56): CodeIgniter\Debug\Exceptions->errorHandler(2, 'Undefined property: App\\Controllers\\AuthController::$validation', 'C:\\xampp\\htdocs\\latihan_ci4\\app\\Controllers\\AuthController.php', 56)
 2 SYSTEMPATH\CodeIgniter.php(934): App\Controllers\AuthController->register()
 3 SYSTEMPATH\CodeIgniter.php(499): CodeIgniter\CodeIgniter->runController(Object(App\Controllers\AuthController))
 4 SYSTEMPATH\CodeIgniter.php(368): CodeIgniter\CodeIgniter->handleRequest(null, Object(Config\Cache), false)
 5 FCPATH\index.php(67): CodeIgniter\CodeIgniter->run()
CRITICAL - 2023-06-28 13:10:40 --> Undefined variable $errors
in APPPATH\Controllers\AuthController.php on line 57.
 1 APPPATH\Controllers\AuthController.php(57): CodeIgniter\Debug\Exceptions->errorHandler(2, 'Undefined variable $errors', 'C:\\xampp\\htdocs\\latihan_ci4\\app\\Controllers\\AuthController.php', 57)
 2 SYSTEMPATH\CodeIgniter.php(934): App\Controllers\AuthController->register()
 3 SYSTEMPATH\CodeIgniter.php(499): CodeIgniter\CodeIgniter->runController(Object(App\Controllers\AuthController))
 4 SYSTEMPATH\CodeIgniter.php(368): CodeIgniter\CodeIgniter->handleRequest(null, Object(Config\Cache), false)
 5 FCPATH\index.php(67): CodeIgniter\CodeIgniter->run()
