CRITICAL - 2023-06-20 00:27:17 --> Invalid file: "pages/checkout_view.php"
in SYSTEMPATH\Exceptions\FrameworkException.php on line 33.
 1 SYSTEMPATH\View\View.php(201): CodeIgniter\Exceptions\FrameworkException::forInvalidFile('pages/checkout_view.php')
 2 SYSTEMPATH\Common.php(1184): CodeIgniter\View\View->render('pages/checkout_view', [], true)
 3 APPPATH\Controllers\TransaksiController.php(75): view('pages/checkout_view', [...])
 4 SYSTEMPATH\CodeIgniter.php(934): App\Controllers\TransaksiController->checkout()
 5 SYSTEMPATH\CodeIgniter.php(499): CodeIgniter\CodeIgniter->runController(Object(App\Controllers\TransaksiController))
 6 SYSTEMPATH\CodeIgniter.php(368): CodeIgniter\CodeIgniter->handleRequest(null, Object(Config\Cache), false)
 7 FCPATH\index.php(67): CodeIgniter\CodeIgniter->run()
CRITICAL - 2023-06-20 00:27:39 --> Invalid file: "pages/checkout_view.php"
in SYSTEMPATH\Exceptions\FrameworkException.php on line 33.
 1 SYSTEMPATH\View\View.php(201): CodeIgniter\Exceptions\FrameworkException::forInvalidFile('pages/checkout_view.php')
 2 SYSTEMPATH\Common.php(1184): CodeIgniter\View\View->render('pages/checkout_view', [], true)
 3 APPPATH\Controllers\TransaksiController.php(75): view('pages/checkout_view', [...])
 4 SYSTEMPATH\CodeIgniter.php(934): App\Controllers\TransaksiController->checkout()
 5 SYSTEMPATH\CodeIgniter.php(499): CodeIgniter\CodeIgniter->runController(Object(App\Controllers\TransaksiController))
 6 SYSTEMPATH\CodeIgniter.php(368): CodeIgniter\CodeIgniter->handleRequest(null, Object(Config\Cache), false)
 7 FCPATH\index.php(67): CodeIgniter\CodeIgniter->run()
CRITICAL - 2023-06-20 00:44:17 --> Invalid file: "pages/checkout_view.php"
in SYSTEMPATH\Exceptions\FrameworkException.php on line 33.
 1 SYSTEMPATH\View\View.php(201): CodeIgniter\Exceptions\FrameworkException::forInvalidFile('pages/checkout_view.php')
 2 SYSTEMPATH\Common.php(1184): CodeIgniter\View\View->render('pages/checkout_view', [], true)
 3 APPPATH\Controllers\TransaksiController.php(75): view('pages/checkout_view', [...])
 4 SYSTEMPATH\CodeIgniter.php(934): App\Controllers\TransaksiController->checkout()
 5 SYSTEMPATH\CodeIgniter.php(499): CodeIgniter\CodeIgniter->runController(Object(App\Controllers\TransaksiController))
 6 SYSTEMPATH\CodeIgniter.php(368): CodeIgniter\CodeIgniter->handleRequest(null, Object(Config\Cache), false)
 7 FCPATH\index.php(67): CodeIgniter\CodeIgniter->run()
CRITICAL - 2023-06-20 00:47:58 --> Invalid file: "/pages/checkout_view.php"
in SYSTEMPATH\Exceptions\FrameworkException.php on line 33.
 1 SYSTEMPATH\View\View.php(201): CodeIgniter\Exceptions\FrameworkException::forInvalidFile('/pages/checkout_view.php')
 2 SYSTEMPATH\Common.php(1184): CodeIgniter\View\View->render('/pages/checkout_view', [], true)
 3 APPPATH\Controllers\TransaksiController.php(75): view('/pages/checkout_view', [...])
 4 SYSTEMPATH\CodeIgniter.php(934): App\Controllers\TransaksiController->checkout()
 5 SYSTEMPATH\CodeIgniter.php(499): CodeIgniter\CodeIgniter->runController(Object(App\Controllers\TransaksiController))
 6 SYSTEMPATH\CodeIgniter.php(368): CodeIgniter\CodeIgniter->handleRequest(null, Object(Config\Cache), false)
 7 FCPATH\index.php(67): CodeIgniter\CodeIgniter->run()
CRITICAL - 2023-06-20 00:53:55 --> Maximum execution time of 120 seconds exceeded
in SYSTEMPATH\Database\MySQLi\Connection.php on line 296.
 1 [internal function]: CodeIgniter\Debug\Exceptions->shutdownHandler()
CRITICAL - 2023-06-20 00:53:55 --> Maximum execution time of 120 seconds exceeded
in SYSTEMPATH\Session\Handlers\FileHandler.php on line 134.
 1 [internal function]: CodeIgniter\Debug\Exceptions->shutdownHandler()
CRITICAL - 2023-06-20 00:53:55 --> Maximum execution time of 120 seconds exceeded
in SYSTEMPATH\Session\Handlers\FileHandler.php on line 134.
 1 [internal function]: CodeIgniter\Debug\Exceptions->shutdownHandler()
CRITICAL - 2023-06-20 00:53:55 --> Maximum execution time of 120 seconds exceeded
in SYSTEMPATH\Session\Handlers\FileHandler.php on line 134.
 1 [internal function]: CodeIgniter\Debug\Exceptions->shutdownHandler()
CRITICAL - 2023-06-20 00:53:55 --> Maximum execution time of 120 seconds exceeded
in SYSTEMPATH\Session\Handlers\FileHandler.php on line 134.
 1 [internal function]: CodeIgniter\Debug\Exceptions->shutdownHandler()
